2025-01-28 21:49:34,033 [INFO] Activator:176 - 


2025-01-28 21:49:34,037 [INFO] Activator:177 - !SESSION log4j initialized
2025-01-28 21:49:38,424 [INFO] LogOutputStream:77 - [STDOUT_REDIRECT] 
2025-01-28 21:49:39,601 [INFO] ApplicationProperties:184 - Using Application install path: /opt/st/stm32cubeide_1.17.0/plugins/com.st.stm32cube.common.mx_6.13.0.202411220809
2025-01-28 21:49:39,616 [INFO] DbMcusXml:78 - Set database path to: /opt/st/stm32cubeide_1.17.0/plugins/com.st.stm32cube.common.mx_6.13.0.202411220809//db//mcu/
2025-01-28 21:49:39,616 [INFO] ApiDb:274 - Set plugin database path to: /opt/st/stm32cubeide_1.17.0/plugins/com.st.stm32cube.common.mx_6.13.0.202411220809//db//plugins/boardmanager/
2025-01-28 21:49:39,616 [WARN] ApiDb:259 - Overriding images path with different value:  => /opt/st/stm32cubeide_1.17.0/plugins/com.st.stm32cube.common.mx_6.13.0.202411220809//db//plugins/mcufinder/images/
2025-01-28 21:49:39,622 [INFO] ApiDb:250 - Set database path to: /home/michael/.stmcufinder/plugins/mcufinder//mcu/
2025-01-28 21:49:39,623 [INFO] DbMcusAds:125 - Set database path to: /home/michael/.stmcufinder/plugins/mcufinder//mcu/
2025-01-28 21:49:39,625 [INFO] CrossReferenceDbSqlite:203 - Set database path to: /home/michael/.stmcufinder/plugins/mcufinder//mcu/cs/
2025-01-28 21:49:39,725 [INFO] RulesReader:64 - Compatibility file has been processed (297 Rules)
2025-01-28 21:49:39,782 [INFO] DbMcusXml:78 - Set database path to: /opt/st/stm32cubeide_1.17.0/plugins/com.st.stm32cube.common.mx_6.13.0.202411220809//db//mcu/
2025-01-28 21:49:39,782 [INFO] ApiDb:274 - Set plugin database path to: /opt/st/stm32cubeide_1.17.0/plugins/com.st.stm32cube.common.mx_6.13.0.202411220809//db//plugins/boardmanager/
2025-01-28 21:49:39,783 [INFO] ApiDb:261 - Set plugin images path to: /opt/st/stm32cubeide_1.17.0/plugins/com.st.stm32cube.common.mx_6.13.0.202411220809//db//plugins/mcufinder/images/
2025-01-28 21:49:39,783 [WARN] DbFile:41 - Overriding database path with different value: /home/michael/.stmcufinder/plugins/mcufinder/ => /home/michael/.stmcufinder/plugins/mcufinder
2025-01-28 21:49:39,783 [INFO] ApiDb:250 - Set database path to: /home/michael/.stmcufinder/plugins/mcufinder//mcu/
2025-01-28 21:49:39,783 [WARN] DbFile:41 - Overriding database path with different value: /home/michael/.stmcufinder/plugins/mcufinder/ => /home/michael/.stmcufinder/plugins/mcufinder
2025-01-28 21:49:39,783 [INFO] DbMcusAds:125 - Set database path to: /home/michael/.stmcufinder/plugins/mcufinder//mcu/
2025-01-28 21:49:39,783 [WARN] DbFile:41 - Overriding database path with different value: /home/michael/.stmcufinder/plugins/mcufinder/ => /home/michael/.stmcufinder/plugins/mcufinder
2025-01-28 21:49:39,783 [WARN] DbFile:41 - Overriding database path with different value: /home/michael/.stmcufinder/plugins/mcufinder/ => /home/michael/.stmcufinder/plugins/mcufinder
2025-01-28 21:49:39,783 [INFO] CrossReferenceDbSqlite:203 - Set database path to: /home/michael/.stmcufinder/plugins/mcufinder//mcu/cs/
2025-01-28 21:49:39,836 [INFO] MainPanel:272 - HeapMemory: 268435456
2025-01-28 21:49:39,932 [INFO] DbMcusXml:78 - Set database path to: /opt/st/stm32cubeide_1.17.0/plugins/com.st.stm32cube.common.mx_6.13.0.202411220809//db//mcu/
2025-01-28 21:49:39,932 [INFO] ApiDb:274 - Set plugin database path to: /opt/st/stm32cubeide_1.17.0/plugins/com.st.stm32cube.common.mx_6.13.0.202411220809//db//plugins/boardmanager/
2025-01-28 21:49:39,932 [INFO] ApiDb:261 - Set plugin images path to: /opt/st/stm32cubeide_1.17.0/plugins/com.st.stm32cube.common.mx_6.13.0.202411220809//db//plugins/mcufinder/images/
2025-01-28 21:49:39,932 [WARN] DbFile:41 - Overriding database path with different value: /home/michael/.stmcufinder/plugins/mcufinder/ => /home/michael/.stmcufinder/plugins/mcufinder
2025-01-28 21:49:39,932 [INFO] ApiDb:250 - Set database path to: /home/michael/.stmcufinder/plugins/mcufinder//mcu/
2025-01-28 21:49:39,932 [WARN] DbFile:41 - Overriding database path with different value: /home/michael/.stmcufinder/plugins/mcufinder/ => /home/michael/.stmcufinder/plugins/mcufinder
2025-01-28 21:49:39,932 [INFO] DbMcusAds:125 - Set database path to: /home/michael/.stmcufinder/plugins/mcufinder//mcu/
2025-01-28 21:49:39,933 [WARN] DbFile:41 - Overriding database path with different value: /home/michael/.stmcufinder/plugins/mcufinder/ => /home/michael/.stmcufinder/plugins/mcufinder
2025-01-28 21:49:39,933 [WARN] DbFile:41 - Overriding database path with different value: /home/michael/.stmcufinder/plugins/mcufinder/ => /home/michael/.stmcufinder/plugins/mcufinder
2025-01-28 21:49:39,933 [INFO] CrossReferenceDbSqlite:203 - Set database path to: /home/michael/.stmcufinder/plugins/mcufinder//mcu/cs/
2025-01-28 21:49:39,948 [INFO] ApplicationProperties:184 - Using Application install path: /opt/st/stm32cubeide_1.17.0/plugins/com.st.stm32cube.common.mx_6.13.0.202411220809
2025-01-28 21:49:39,949 [INFO] PluginManage:196 - Search for loadable plugins [exclusion list=, ]
2025-01-28 21:49:39,951 [INFO] PluginManage:310 - Check plugin analytics
2025-01-28 21:49:40,102 [INFO] AnalyticsPlugin:253 - Accepted Software Licenses: 
2025-01-28 21:49:40,102 [INFO] AnalyticsPlugin:255 - Accepted CMSIS Pack Licenses: 
2025-01-28 21:49:40,102 [INFO] AnalyticsPlugin:257 - Accepted Firmware Licenses: FW.H7.1.12.0
2025-01-28 21:49:40,105 [INFO] PluginManage:359 - Loaded plugin analytics (category:tool,tabindex:-1)
2025-01-28 21:49:40,105 [INFO] PluginManage:310 - Check plugin cadmodel
2025-01-28 21:49:40,109 [INFO] CADModel:105 - Init CAD model plugin
2025-01-28 21:49:40,109 [INFO] PluginManage:359 - Loaded plugin cadmodel (category:power,tabindex:5)
2025-01-28 21:49:40,109 [INFO] PluginManage:310 - Check plugin clock
2025-01-28 21:49:40,117 [INFO] PluginManage:359 - Loaded plugin clock (category:base,tabindex:2)
2025-01-28 21:49:40,117 [INFO] PluginManage:310 - Check plugin ddr
2025-01-28 21:49:40,119 [INFO] PluginManage:359 - Loaded plugin ddr (category:tool,tabindex:6)
2025-01-28 21:49:40,119 [INFO] PluginManage:310 - Check plugin filemanager
2025-01-28 21:49:40,242 [INFO] PluginManage:359 - Loaded plugin filemanager (category:base,tabindex:10)
2025-01-28 21:49:40,242 [INFO] PluginManage:310 - Check plugin ipmanager
2025-01-28 21:49:40,247 [INFO] PluginManage:359 - Loaded plugin ipmanager (category:base,tabindex:5)
2025-01-28 21:49:40,247 [INFO] PluginManage:310 - Check plugin lpbam
2025-01-28 21:49:40,255 [INFO] PluginManage:359 - Loaded plugin lpbam (category:base,tabindex:0)
2025-01-28 21:49:40,255 [INFO] PluginManage:310 - Check plugin memorymap
2025-01-28 21:49:40,264 [INFO] PluginManage:359 - Loaded plugin memorymap (category:base,tabindex:4)
2025-01-28 21:49:40,264 [INFO] PluginManage:310 - Check plugin pinoutandconfiguration
2025-01-28 21:49:40,271 [INFO] PluginManage:359 - Loaded plugin pinoutandconfiguration (category:base,tabindex:1)
2025-01-28 21:49:40,271 [INFO] PluginManage:310 - Check plugin pinoutconfig
2025-01-28 21:49:40,348 [WARN] SupportedApi:132 - Cannot load RTOS API schema: s4s-elt-must-match.1: The content of 'definitions' must match (annotation?, (simpleType | complexType)?, (unique | key | keyref)*)). A problem was found starting at: attribute.
2025-01-28 21:49:40,470 [INFO] PluginManage:359 - Loaded plugin pinoutconfig (category:base,tabindex:0)
2025-01-28 21:49:40,470 [INFO] PluginManage:310 - Check plugin power
2025-01-28 21:49:40,477 [INFO] PluginManage:359 - Loaded plugin power (category:power,tabindex:4)
2025-01-28 21:49:40,477 [INFO] PluginManage:310 - Check plugin projectmanager
2025-01-28 21:49:40,493 [INFO] PluginManage:359 - Loaded plugin projectmanager (category:projectmanager,tabindex:4)
2025-01-28 21:49:40,493 [INFO] PluginManage:310 - Check plugin rif
2025-01-28 21:49:40,498 [INFO] PluginManage:359 - Loaded plugin rif (category:base,tabindex:3)
2025-01-28 21:49:40,499 [INFO] PluginManage:310 - Check plugin thirdparty
2025-01-28 21:49:40,609 [INFO] PluginManage:359 - Loaded plugin thirdparty (category:base,tabindex:-1)
2025-01-28 21:49:40,609 [INFO] PluginManage:310 - Check plugin tools
2025-01-28 21:49:40,609 [WARN] IntegrityCheckThread:84 - waiting for thirdparty lock release [integrity check]
2025-01-28 21:49:40,609 [INFO] IntegrityCheckThread:86 - entering critical section [integrity check]
2025-01-28 21:49:40,610 [INFO] ThirdPartyUpdaterWithRetryManager:70 - Updater plugin not ready yet. [1/15]
2025-01-28 21:49:40,611 [INFO] PluginManage:359 - Loaded plugin tools (category:base,tabindex:7)
2025-01-28 21:49:40,611 [INFO] PluginManage:310 - Check plugin tutovideos
2025-01-28 21:49:40,764 [INFO] PluginManage:359 - Loaded plugin tutovideos (category:base,tabindex:-1)
2025-01-28 21:49:40,765 [INFO] PluginManage:310 - Check plugin updater
2025-01-28 21:49:40,786 [INFO] PluginManage:359 - Loaded plugin updater (category:base,tabindex:12)
2025-01-28 21:49:40,786 [INFO] PluginManage:310 - Check plugin userauth
2025-01-28 21:49:40,790 [INFO] UserAuth:118 - Init User Auth plugin
2025-01-28 21:49:40,791 [INFO] PluginManage:359 - Loaded plugin userauth (category:base,tabindex:14)
2025-01-28 21:49:40,791 [INFO] PluginManage:283 - PluginManage : Loaded plugins [18]
2025-01-28 21:49:40,943 [INFO] PinOutPanel:1589 - setPackage(No Configuration,No Configuration)
2025-01-28 21:49:41,002 [INFO] CADModel:165 - CPN selected for project level
2025-01-28 21:49:41,002 [INFO] CADModel:114 - Register for checkConnection events
2025-01-28 21:49:41,010 [INFO] IPUIPlugin:80 - create IPUIPlugin
2025-01-28 21:49:41,011 [INFO] PluginManager:220 - loadIPPluginJar : add ipddr
2025-01-28 21:49:41,016 [INFO] IPUIPlugin:80 - create IPUIPlugin
2025-01-28 21:49:41,016 [INFO] PluginManager:220 - loadIPPluginJar : add stm32_wpan
2025-01-28 21:49:41,021 [INFO] IPUIPlugin:80 - create IPUIPlugin
2025-01-28 21:49:41,021 [INFO] PluginManager:220 - loadIPPluginJar : add mdma
2025-01-28 21:49:41,023 [INFO] IPUIPlugin:80 - create IPUIPlugin
2025-01-28 21:49:41,023 [INFO] PluginManager:220 - loadIPPluginJar : add dma3
2025-01-28 21:49:41,025 [INFO] IPUIPlugin:80 - create IPUIPlugin
2025-01-28 21:49:41,025 [INFO] PluginManager:220 - loadIPPluginJar : add can
2025-01-28 21:49:41,026 [INFO] IPUIPlugin:80 - create IPUIPlugin
2025-01-28 21:49:41,026 [INFO] PluginManager:220 - loadIPPluginJar : add ts
2025-01-28 21:49:41,028 [INFO] IPUIPlugin:80 - create IPUIPlugin
2025-01-28 21:49:41,028 [INFO] PluginManager:220 - loadIPPluginJar : add extmemmanager
2025-01-28 21:49:41,030 [INFO] IPUIPlugin:80 - create IPUIPlugin
2025-01-28 21:49:41,030 [INFO] PluginManager:220 - loadIPPluginJar : add i2s
2025-01-28 21:49:41,034 [INFO] IPUIPlugin:80 - create IPUIPlugin
2025-01-28 21:49:41,034 [INFO] PluginManager:220 - loadIPPluginJar : add gpio
2025-01-28 21:49:41,036 [INFO] IPUIPlugin:80 - create IPUIPlugin
2025-01-28 21:49:41,036 [INFO] PluginManager:220 - loadIPPluginJar : add opamp
2025-01-28 21:49:41,037 [INFO] IPUIPlugin:80 - create IPUIPlugin
2025-01-28 21:49:41,037 [INFO] PluginManager:220 - loadIPPluginJar : add genericplugin
2025-01-28 21:49:41,039 [INFO] IPUIPlugin:80 - create IPUIPlugin
2025-01-28 21:49:41,039 [INFO] PluginManager:220 - loadIPPluginJar : add usbx
2025-01-28 21:49:41,041 [INFO] IPUIPlugin:80 - create IPUIPlugin
2025-01-28 21:49:41,041 [INFO] PluginManager:220 - loadIPPluginJar : add gfxmmu
2025-01-28 21:49:41,042 [INFO] IPUIPlugin:80 - create IPUIPlugin
2025-01-28 21:49:41,042 [INFO] PluginManager:220 - loadIPPluginJar : add comp
2025-01-28 21:49:41,044 [INFO] IPUIPlugin:80 - create IPUIPlugin
2025-01-28 21:49:41,044 [INFO] PluginManager:220 - loadIPPluginJar : add aes
2025-01-28 21:49:41,045 [INFO] IPUIPlugin:80 - create IPUIPlugin
2025-01-28 21:49:41,046 [INFO] PluginManager:220 - loadIPPluginJar : add quadspi
2025-01-28 21:49:41,050 [INFO] IPUIPlugin:80 - create IPUIPlugin
2025-01-28 21:49:41,051 [INFO] PluginManager:220 - loadIPPluginJar : add dma
2025-01-28 21:49:41,052 [INFO] IPUIPlugin:80 - create IPUIPlugin
2025-01-28 21:49:41,052 [INFO] PluginManager:220 - loadIPPluginJar : add dfsdm
2025-01-28 21:49:41,054 [INFO] IPUIPlugin:80 - create IPUIPlugin
2025-01-28 21:49:41,054 [INFO] PluginManager:220 - loadIPPluginJar : add cryp
2025-01-28 21:49:41,055 [INFO] IPUIPlugin:80 - create IPUIPlugin
2025-01-28 21:49:41,055 [INFO] PluginManager:220 - loadIPPluginJar : add ltdc
2025-01-28 21:49:41,057 [INFO] IPUIPlugin:80 - create IPUIPlugin
2025-01-28 21:49:41,057 [INFO] PluginManager:220 - loadIPPluginJar : add usart
2025-01-28 21:49:41,058 [INFO] IPUIPlugin:80 - create IPUIPlugin
2025-01-28 21:49:41,059 [INFO] PluginManager:220 - loadIPPluginJar : add tsc
2025-01-28 21:49:41,061 [INFO] IPUIPlugin:80 - create IPUIPlugin
2025-01-28 21:49:41,061 [INFO] PluginManager:220 - loadIPPluginJar : add gtzc
2025-01-28 21:49:41,062 [INFO] IPUIPlugin:80 - create IPUIPlugin
2025-01-28 21:49:41,063 [INFO] PluginManager:220 - loadIPPluginJar : add tim
2025-01-28 21:49:41,068 [INFO] IPUIPlugin:80 - create IPUIPlugin
2025-01-28 21:49:41,069 [INFO] PluginManager:220 - loadIPPluginJar : add linkedlist
2025-01-28 21:49:41,070 [INFO] IPUIPlugin:80 - create IPUIPlugin
2025-01-28 21:49:41,071 [INFO] PluginManager:220 - loadIPPluginJar : add ddr_ctrl_phy
2025-01-28 21:49:41,074 [INFO] IPUIPlugin:80 - create IPUIPlugin
2025-01-28 21:49:41,074 [INFO] PluginManager:220 - loadIPPluginJar : add gic
2025-01-28 21:49:41,078 [INFO] IPUIPlugin:80 - create IPUIPlugin
2025-01-28 21:49:41,078 [INFO] PluginManager:220 - loadIPPluginJar : add freertos
2025-01-28 21:49:41,080 [INFO] IPUIPlugin:80 - create IPUIPlugin
2025-01-28 21:49:41,081 [INFO] PluginManager:220 - loadIPPluginJar : add touchsensing
2025-01-28 21:49:41,083 [INFO] IPUIPlugin:80 - create IPUIPlugin
2025-01-28 21:49:41,083 [INFO] PluginManager:220 - loadIPPluginJar : add sai
2025-01-28 21:49:41,085 [INFO] IPUIPlugin:80 - create IPUIPlugin
2025-01-28 21:49:41,085 [INFO] PluginManager:220 - loadIPPluginJar : add spi
2025-01-28 21:49:41,086 [INFO] IPUIPlugin:80 - create IPUIPlugin
2025-01-28 21:49:41,086 [INFO] PluginManager:220 - loadIPPluginJar : add hash
2025-01-28 21:49:41,088 [INFO] IPUIPlugin:80 - create IPUIPlugin
2025-01-28 21:49:41,088 [INFO] PluginManager:220 - loadIPPluginJar : add i3c
2025-01-28 21:49:41,089 [INFO] IPUIPlugin:80 - create IPUIPlugin
2025-01-28 21:49:41,090 [INFO] PluginManager:220 - loadIPPluginJar : add radio
2025-01-28 21:49:41,091 [INFO] IPUIPlugin:80 - create IPUIPlugin
2025-01-28 21:49:41,091 [INFO] PluginManager:220 - loadIPPluginJar : add ucpd
2025-01-28 21:49:41,093 [INFO] IPUIPlugin:80 - create IPUIPlugin
2025-01-28 21:49:41,093 [INFO] PluginManager:220 - loadIPPluginJar : add fmc
2025-01-28 21:49:41,095 [INFO] IPUIPlugin:80 - create IPUIPlugin
2025-01-28 21:49:41,095 [INFO] PluginManager:220 - loadIPPluginJar : add openamp
2025-01-28 21:49:41,096 [INFO] IPUIPlugin:80 - create IPUIPlugin
2025-01-28 21:49:41,096 [INFO] PluginManager:220 - loadIPPluginJar : add fatfs
2025-01-28 21:49:41,098 [INFO] IPUIPlugin:80 - create IPUIPlugin
2025-01-28 21:49:41,099 [INFO] PluginManager:220 - loadIPPluginJar : add resmgrutility
2025-01-28 21:49:41,100 [INFO] IPUIPlugin:80 - create IPUIPlugin
2025-01-28 21:49:41,101 [INFO] PluginManager:220 - loadIPPluginJar : add lorawan
2025-01-28 21:49:41,102 [INFO] IPUIPlugin:80 - create IPUIPlugin
2025-01-28 21:49:41,102 [INFO] PluginManager:220 - loadIPPluginJar : add i2c
2025-01-28 21:49:41,106 [INFO] IPUIPlugin:80 - create IPUIPlugin
2025-01-28 21:49:41,106 [INFO] PluginManager:220 - loadIPPluginJar : add adc
2025-01-28 21:49:41,108 [INFO] IPUIPlugin:80 - create IPUIPlugin
2025-01-28 21:49:41,108 [INFO] PluginManager:220 - loadIPPluginJar : add pdm2pcm
2025-01-28 21:49:41,110 [INFO] IPUIPlugin:80 - create IPUIPlugin
2025-01-28 21:49:41,110 [INFO] PluginManager:220 - loadIPPluginJar : add tracer_emb
2025-01-28 21:49:41,114 [INFO] IPUIPlugin:80 - create IPUIPlugin
2025-01-28 21:49:41,117 [INFO] PluginManager:220 - loadIPPluginJar : add plateformsettings
2025-01-28 21:49:41,119 [INFO] IPUIPlugin:80 - create IPUIPlugin
2025-01-28 21:49:41,119 [INFO] PluginManager:220 - loadIPPluginJar : add nvic
2025-01-28 21:49:41,219 [FATAL] Updater:351 - Updater called before beeing initialized
2025-01-28 21:49:41,249 [INFO] RulesReader:64 - Compatibility file has been processed (297 Rules)
2025-01-28 21:49:41,265 [INFO] RulesReader:64 - Compatibility file has been processed (297 Rules)
2025-01-28 21:49:41,271 [INFO] CADModel:165 - CPN selected for project level
2025-01-28 21:49:41,272 [INFO] CADModel:114 - Register for checkConnection events
2025-01-28 21:49:41,272 [FATAL] Updater:351 - Updater called before beeing initialized
2025-01-28 21:49:41,272 [ERROR] CADModel:125 - Updater not yet initialized, retry later 
2025-01-28 21:49:41,382 [FATAL] Updater:351 - Updater called before beeing initialized
2025-01-28 21:49:41,383 [INFO] CADModel:165 - CPN selected for project level
2025-01-28 21:49:41,383 [INFO] CADModel:114 - Register for checkConnection events
2025-01-28 21:49:41,383 [FATAL] Updater:351 - Updater called before beeing initialized
2025-01-28 21:49:41,383 [ERROR] CADModel:125 - Updater not yet initialized, retry later 
2025-01-28 21:49:41,386 [FATAL] Updater:351 - Updater called before beeing initialized
2025-01-28 21:49:41,465 [FATAL] Updater:351 - Updater called before beeing initialized
2025-01-28 21:49:41,469 [INFO] DbMcusAds:53 - JSON generation date=Tue Dec 17 08:01:15 PST 2024 (1734451275111)
2025-01-28 21:49:41,469 [FATAL] Updater:351 - Updater called before beeing initialized
2025-01-28 21:49:41,502 [WARN] DetailPanel:346 - Failed to get advertising image, set to default
2025-01-28 21:49:41,782 [FATAL] Updater:351 - Updater called before beeing initialized
2025-01-28 21:49:41,783 [FATAL] Updater:351 - Updater called before beeing initialized
2025-01-28 21:49:41,783 [FATAL] Updater:351 - Updater called before beeing initialized
2025-01-28 21:49:41,783 [WARN] DetailPanel:346 - Failed to get advertising image, set to default
2025-01-28 21:49:41,784 [FATAL] Updater:351 - Updater called before beeing initialized
2025-01-28 21:49:41,817 [ERROR] Updater:1198 - MainUpdater not yet initialized. External WinMGr cannot be set.
2025-01-28 21:49:41,819 [INFO] Updater:1134 - Updater Version found : 6.13.0
2025-01-28 21:49:41,833 [INFO] ApplicationProperties:184 - Using Application install path: /opt/st/stm32cubeide_1.17.0/plugins/com.st.stm32cube.common.mx_6.13.0.202411220809
2025-01-28 21:49:42,053 [INFO] MainUpdater:2872 - connection check result : 10
2025-01-28 21:49:42,056 [INFO] MainUpdater:289 - Updater Check For Update Now.
2025-01-28 21:49:42,056 [INFO] MicroXplorer:498 - Change Database Version : DB.6.0.130
2025-01-28 21:49:42,060 [INFO] McuFinderGlobals:63 - Set McuFinder mode to 2 (CubeIDE integrated)
2025-01-28 21:49:42,061 [INFO] UserAuth:486 - Internet connection configuration mode: 1
2025-01-28 21:49:42,072 [INFO] JxBrowserEngine:152 - Initiate JxBrowser Engine with user profile folder
2025-01-28 21:49:42,261 [INFO] CheckServerUpdateThread:120 - End of CheckServer Thread
2025-01-28 21:49:42,659 [INFO] WebApp:168 - Instantiating new browser for Auth
2025-01-28 21:49:43,224 [INFO] WebApp:449 - Apply proxy settings
2025-01-28 21:49:43,224 [INFO] WebApp:534 - Chromium requires no authentication
2025-01-28 21:49:43,233 [INFO] WebApp:477 - Direct internet connection detected
2025-01-28 21:49:43,251 [INFO] WebApp:880 - Register for checkConnection events
2025-01-28 21:49:43,251 [INFO] WebApp:449 - Apply proxy settings
2025-01-28 21:49:43,251 [INFO] WebApp:534 - Chromium requires no authentication
2025-01-28 21:49:43,252 [INFO] WebApp:477 - Direct internet connection detected
2025-01-28 21:49:43,372 [INFO] WebApp:221 - Starting web application
2025-01-28 21:49:43,372 [INFO] WebApp:579 - Web application path used /opt/st/stm32cubeide_1.17.0/plugins/com.st.stm32cube.common.mx_6.13.0.202411220809/db/plugins/mcufinder/reactClient1/index.html
2025-01-28 21:49:43,477 [INFO] WebApp:187 - Connection restablished
2025-01-28 21:49:43,491 [INFO] UserAuth:486 - Internet connection configuration mode: 1
2025-01-28 21:49:43,888 [WARN] PackLoader:240 - Cannot read IP mode file for STMicroelectronics.FP-SNS-FLIGHT1.5.0.2
2025-01-28 21:49:43,901 [WARN] PackLoader:240 - Cannot read IP mode file for STMicroelectronics.FP-SNS-MOTENV1.5.0.0
2025-01-28 21:49:43,922 [WARN] PackLoader:240 - Cannot read IP mode file for STMicroelectronics.FP-ATR-SIGFOX1.3.2.0
2025-01-28 21:49:43,933 [WARN] PackLoader:240 - Cannot read IP mode file for STMicroelectronics.FP-SNS-STBOX1.2.0.0
2025-01-28 21:49:43,945 [INFO] ThirdParty:978 - Integrity check success = true
2025-01-28 21:49:43,945 [INFO] IntegrityCheckThread:100 - exiting critical section [integrity check]
2025-01-28 21:49:43,946 [INFO] IntegrityCheckThread:103 - End integrity checks thread
2025-01-28 22:53:38,956 [ERROR] LogOutputStream:75 - [STDERR_REDIRECT] 
